## SLURM PROLOG ###############################################################
##    Job ID : 3532147
##  Job Name : run_R.sh
##  Nodelist : node2346
##      CPUs : 16
##  Mem/Node : 32768 MB
## Directory : /oscar/data/rdevito/mavis/tutorial
##   Job Started : Tue Jul  9 02:08:58 PM EDT 2024
###############################################################################
Loading required package: iterators
Loading required package: parallel
Loading required package: usethis

Attaching package: ‘matlab’

The following object is masked from ‘package:stats’:

    reshape

The following objects are masked from ‘package:utils’:

    find, fix

The following object is masked from ‘package:base’:

    sum

Loading required package: ggplot2
Loading required package: glmnet
Loaded glmnet 4.1-8
Loading required package: Hmisc
Registered S3 method overwritten by 'Hmisc':
  method       from      
  vcov.default fit.models

Attaching package: ‘Hmisc’

The following object is masked from ‘package:matlab’:

    ceil

The following objects are masked from ‘package:base’:

    format.pval, units

Loading required package: LaplacesDemon
Loading required package: matrixcalc

Attaching package: ‘matrixcalc’

The following objects are masked from ‘package:LaplacesDemon’:

    is.positive.definite, is.square.matrix, is.symmetric.matrix,
    lower.triangle, upper.triangle

Loading required package: mnormt
Loading required package: mombf
Loading required package: mvtnorm

Attaching package: ‘mvtnorm’

The following objects are masked from ‘package:LaplacesDemon’:

    dmvt, rmvt

Loading required package: ncvreg

Attaching package: ‘ncvreg’

The following object is masked from ‘package:matlab’:

    std

Loading required package: mgcv
Loading required package: nlme
This is mgcv 1.9-1. For overview type 'help("mgcv-package")'.

Attaching package: ‘mgcv’

The following objects are masked from ‘package:LaplacesDemon’:

    dmvn, rmvn

The following object is masked from ‘package:matlab’:

    magic

Loading required package: nloptr
Loading required package: partitions

Attaching package: ‘partitions’

The following object is masked from ‘package:Matrix’:

    print

Loading required package: plyr

Attaching package: ‘plyr’

The following objects are masked from ‘package:Hmisc’:

    is.discrete, summarize

Loading required package: psych

Attaching package: ‘psych’

The following object is masked from ‘package:ncvreg’:

    AUC

The following objects are masked from ‘package:LaplacesDemon’:

    logit, tr

The following object is masked from ‘package:Hmisc’:

    describe

The following objects are masked from ‘package:ggplot2’:

    %+%, alpha

Loading required package: reshape2
── Attaching core tidyverse packages ──────────────────────── tidyverse 2.0.0 ──
✔ dplyr     1.1.4     ✔ readr     2.1.5
✔ forcats   1.0.0     ✔ stringr   1.5.1
✔ lubridate 1.9.3     ✔ tibble    3.2.1
✔ purrr     1.0.2     ✔ tidyr     1.3.1
── Conflicts ────────────────────────────────────────── tidyverse_conflicts() ──
✖ psych::%+%()          masks ggplot2::%+%()
✖ purrr::accumulate()   masks foreach::accumulate()
✖ psych::alpha()        masks ggplot2::alpha()
✖ dplyr::arrange()      masks plyr::arrange()
✖ dplyr::collapse()     masks nlme::collapse()
✖ purrr::compact()      masks plyr::compact()
✖ dplyr::count()        masks plyr::count()
✖ dplyr::desc()         masks plyr::desc()
✖ lubridate::dst()      masks LaplacesDemon::dst()
✖ tidyr::expand()       masks Matrix::expand()
✖ dplyr::failwith()     masks plyr::failwith()
✖ dplyr::filter()       masks stats::filter()
✖ dplyr::id()           masks plyr::id()
✖ lubridate::interval() masks LaplacesDemon::interval()
✖ dplyr::lag()          masks stats::lag()
✖ dplyr::mutate()       masks plyr::mutate()
✖ tidyr::pack()         masks Matrix::pack()
✖ purrr::partial()      masks LaplacesDemon::partial()
✖ dplyr::rename()       masks plyr::rename()
✖ dplyr::select()       masks MASS::select()
✖ dplyr::src()          masks Hmisc::src()
✖ dplyr::summarise()    masks plyr::summarise()
✖ dplyr::summarize()    masks plyr::summarize(), Hmisc::summarize()
✖ tidyr::unpack()       masks Matrix::unpack()
✖ purrr::when()         masks foreach::when()
ℹ Use the conflicted package (<http://conflicted.r-lib.org/>) to force all conflicts to become errors

Attaching package: ‘MatrixCorrelation’

The following object is masked from ‘package:psych’:

    RV

